yarn add v1.22.21
[1/4] Resolving packages...
[2/4] Fetching packages...
warning svelte-preprocess@5.1.3: The engine "pnpm" appears to be invalid.
[3/4] Linking dependencies...
warning "@storybook/sveltekit > @storybook/svelte-vite > @sveltejs/vite-plugin-svelte@2.5.3" has incorrect peer dependency "vite@^4.0.0".
warning "@storybook/sveltekit > @storybook/svelte-vite > @sveltejs/vite-plugin-svelte > @sveltejs/vite-plugin-svelte-inspector@1.0.4" has incorrect peer dependency "vite@^4.0.0".
[4/4] Building fresh packages...
error Error: H:\Work\OSPanel\domains\alcotools\cocktail\node_modules\esbuild: Cannot find module 'pnpapi'
Require stack:
- C:\Users\d3-su\AppData\Local\node\corepack\yarn\1.22.21\lib\cli.js
- C:\Users\d3-su\AppData\Local\node\corepack\yarn\1.22.21\bin\yarn.js
Require stack:
- C:\Users\d3-su\AppData\Local\node\corepack\yarn\1.22.21\lib\cli.js
- C:\Users\d3-su\AppData\Local\node\corepack\yarn\1.22.21\bin\yarn.js
    at Module._resolveFilename (node:internal/modules/cjs/loader:1144:15)
    at require$$0.Module._resolveFilename (C:\Users\d3-su\AppData\Local\Temp\xfs-df10fdbe\dlx-18524\.pnp.cjs:13562:54)
    at require.resolve (C:\Users\d3-su\AppData\Local\node\corepack\yarn\1.22.21\lib\v8-compile-cache.js:162:23)
    at C:\Users\d3-su\AppData\Local\node\corepack\yarn\1.22.21\lib\cli.js:34246:76
    at Generator.next (<anonymous>)
    at step (C:\Users\d3-su\AppData\Local\node\corepack\yarn\1.22.21\lib\cli.js:310:30)
    at C:\Users\d3-su\AppData\Local\node\corepack\yarn\1.22.21\lib\cli.js:321:13
info Visit https://yarnpkg.com/en/docs/cli/add for documentation about this command.
